2026-02-04 14:05:05,323 NanoPlot 1.46.1 started with arguments Namespace(threads=4, verbose=False, store=False, raw=False, huge=False, outdir='.', no_static=False, prefix='', tsv_stats=False, only_report=False, info_in_report=False, maxlength=None, minlength=None, drop_outliers=False, downsample=None, loglength=False, percentqual=False, alength=False, minqual=None, runtime_until=None, readtype='1D', barcoded=False, no_supplementary=False, color='#4CB391', colormap='Greens', format=['png'], plots=['kde', 'dot'], legacy=None, listcolors=False, listcolormaps=False, no_N50=False, N50=False, title=None, font_scale=1, dpi=100, hide_stats=False, fastq=['filtered.fastq.gz'], fasta=None, fastq_rich=None, fastq_minimal=None, summary=None, bam=None, ubam=None, cram=None, pickle=None, feather=None, path='./')
2026-02-04 14:05:05,323 Python version is: 3.12.12 | packaged by conda-forge | (main, Oct 22 2025, 23:25:55) [GCC 14.3.0]
2026-02-04 14:05:05,339 Nanoget: Starting to collect statistics from plain fastq file.
2026-02-04 14:05:05,339 Nanoget: Decompressing gzipped fastq filtered.fastq.gz
2026-02-04 14:05:25,558 Reduced DataFrame memory usage from 1.9804878234863281Mb to 1.9804878234863281Mb
2026-02-04 14:05:25,575 Nanoget: Gathered all metrics of 129785 reads
2026-02-04 14:05:25,638 Calculated statistics
2026-02-04 14:05:25,639 Using sequenced read lengths for plotting.
2026-02-04 14:05:25,646 NanoPlot:  Valid color #4CB391.
2026-02-04 14:05:25,646 NanoPlot:  Valid colormap Greens.
2026-02-04 14:05:25,647 NanoPlot:  Creating length plots for Read length.
2026-02-04 14:05:25,647 NanoPlot:  Using 129785 reads maximum of 17593bp.
2026-02-04 14:05:25,737 Chromium init'ed with kwargs {}
2026-02-04 14:05:25,737 Found chromium path: /home/saabstep/miniconda3/envs/genome_assembly/lib/python3.12/site-packages/choreographer/cli/browser_exe/chrome-linux64/chrome
2026-02-04 14:05:25,738 Temp directory created: /tmp/tmpu71nxg81.
2026-02-04 14:05:25,738 Opening browser.
2026-02-04 14:05:25,741 Temp directory created: /tmp/tmpyozt7vyo.
2026-02-04 14:05:25,760 Temporary directory at: /tmp/tmpyozt7vyo
2026-02-04 14:05:25,799 TemporaryDirectory.cleanup() worked.
2026-02-04 14:05:25,799 shutil.rmtree worked.
2026-02-04 14:05:25,799 Cancelling tasks.
2026-02-04 14:05:25,799 Exiting Kaleido/Choreo
2026-02-04 14:05:25,799 Closing browser.
2026-02-04 14:05:25,808 TemporaryDirectory.cleanup() worked.
2026-02-04 14:05:25,808 shutil.rmtree worked.
2026-02-04 14:05:25,810 No static plots are saved due to an export problem:
2026-02-04 14:05:25,810 It seems like you are running a slim version of your operating system and are missing some common dependencies. The following command should install the required dependencies on most systems:

$ sudo apt update && sudo apt-get install libnss3 libatk-bridge2.0-0 libcups2 libxcomposite1 libxdamage1 libxfixes3 libxrandr2 libgbm1 libxkbcommon0 libpango-1.0-0 libcairo2 libasound2

If you have already run the above command and are still seeing this error, or the above command fails, consult the Kaleido documentation for operating system to install chromium dependencies.

For support, run the command `choreo_diagnose` and create an issue with its output.
2026-02-04 14:05:25,838 Chromium init'ed with kwargs {}
2026-02-04 14:05:25,838 Found chromium path: /home/saabstep/miniconda3/envs/genome_assembly/lib/python3.12/site-packages/choreographer/cli/browser_exe/chrome-linux64/chrome
2026-02-04 14:05:25,838 Temp directory created: /tmp/tmpkvce1f0d.
2026-02-04 14:05:25,839 Opening browser.
2026-02-04 14:05:25,840 Temp directory created: /tmp/tmphsaji1cv.
2026-02-04 14:05:25,853 Temporary directory at: /tmp/tmphsaji1cv
2026-02-04 14:05:25,889 TemporaryDirectory.cleanup() worked.
2026-02-04 14:05:25,889 shutil.rmtree worked.
2026-02-04 14:05:25,889 Cancelling tasks.
2026-02-04 14:05:25,889 Exiting Kaleido/Choreo
2026-02-04 14:05:25,890 Closing browser.
2026-02-04 14:05:25,894 TemporaryDirectory.cleanup() worked.
2026-02-04 14:05:25,894 shutil.rmtree worked.
2026-02-04 14:05:25,896 No static plots are saved due to an export problem:
2026-02-04 14:05:25,896 It seems like you are running a slim version of your operating system and are missing some common dependencies. The following command should install the required dependencies on most systems:

$ sudo apt update && sudo apt-get install libnss3 libatk-bridge2.0-0 libcups2 libxcomposite1 libxdamage1 libxfixes3 libxrandr2 libgbm1 libxkbcommon0 libpango-1.0-0 libcairo2 libasound2

If you have already run the above command and are still seeing this error, or the above command fails, consult the Kaleido documentation for operating system to install chromium dependencies.

For support, run the command `choreo_diagnose` and create an issue with its output.
2026-02-04 14:05:25,916 Chromium init'ed with kwargs {}
2026-02-04 14:05:25,916 Found chromium path: /home/saabstep/miniconda3/envs/genome_assembly/lib/python3.12/site-packages/choreographer/cli/browser_exe/chrome-linux64/chrome
2026-02-04 14:05:25,917 Temp directory created: /tmp/tmp6l2qe17l.
2026-02-04 14:05:25,917 Opening browser.
2026-02-04 14:05:25,918 Temp directory created: /tmp/tmpvkpfcmmh.
2026-02-04 14:05:25,932 Temporary directory at: /tmp/tmpvkpfcmmh
2026-02-04 14:05:25,973 TemporaryDirectory.cleanup() worked.
2026-02-04 14:05:25,973 shutil.rmtree worked.
2026-02-04 14:05:25,973 Cancelling tasks.
2026-02-04 14:05:25,973 Exiting Kaleido/Choreo
2026-02-04 14:05:25,973 Closing browser.
2026-02-04 14:05:25,982 TemporaryDirectory.cleanup() worked.
2026-02-04 14:05:25,982 shutil.rmtree worked.
2026-02-04 14:05:25,983 No static plots are saved due to an export problem:
2026-02-04 14:05:25,983 It seems like you are running a slim version of your operating system and are missing some common dependencies. The following command should install the required dependencies on most systems:

$ sudo apt update && sudo apt-get install libnss3 libatk-bridge2.0-0 libcups2 libxcomposite1 libxdamage1 libxfixes3 libxrandr2 libgbm1 libxkbcommon0 libpango-1.0-0 libcairo2 libasound2

If you have already run the above command and are still seeing this error, or the above command fails, consult the Kaleido documentation for operating system to install chromium dependencies.

For support, run the command `choreo_diagnose` and create an issue with its output.
2026-02-04 14:05:25,986 TemporaryDirectory.cleanup() worked.
2026-02-04 14:05:25,986 shutil.rmtree worked.
2026-02-04 14:05:26,004 Chromium init'ed with kwargs {}
2026-02-04 14:05:26,004 Found chromium path: /home/saabstep/miniconda3/envs/genome_assembly/lib/python3.12/site-packages/choreographer/cli/browser_exe/chrome-linux64/chrome
2026-02-04 14:05:26,004 Temp directory created: /tmp/tmpttam20jb.
2026-02-04 14:05:26,004 Opening browser.
2026-02-04 14:05:26,005 Temp directory created: /tmp/tmp595onn6z.
2026-02-04 14:05:26,016 Temporary directory at: /tmp/tmp595onn6z
2026-02-04 14:05:26,051 TemporaryDirectory.cleanup() worked.
2026-02-04 14:05:26,052 shutil.rmtree worked.
2026-02-04 14:05:26,052 Cancelling tasks.
2026-02-04 14:05:26,052 Exiting Kaleido/Choreo
2026-02-04 14:05:26,052 Closing browser.
2026-02-04 14:05:26,061 TemporaryDirectory.cleanup() worked.
2026-02-04 14:05:26,061 shutil.rmtree worked.
2026-02-04 14:05:26,062 No static plots are saved due to an export problem:
2026-02-04 14:05:26,062 It seems like you are running a slim version of your operating system and are missing some common dependencies. The following command should install the required dependencies on most systems:

$ sudo apt update && sudo apt-get install libnss3 libatk-bridge2.0-0 libcups2 libxcomposite1 libxdamage1 libxfixes3 libxrandr2 libgbm1 libxkbcommon0 libpango-1.0-0 libcairo2 libasound2

If you have already run the above command and are still seeing this error, or the above command fails, consult the Kaleido documentation for operating system to install chromium dependencies.

For support, run the command `choreo_diagnose` and create an issue with its output.
2026-02-04 14:05:26,062 NanoPlot: Creating yield by minimal length plot for Read length.
2026-02-04 14:05:26,071 TemporaryDirectory.cleanup() worked.
2026-02-04 14:05:26,071 shutil.rmtree worked.
2026-02-04 14:05:26,078 TemporaryDirectory.cleanup() worked.
2026-02-04 14:05:26,078 shutil.rmtree worked.
2026-02-04 14:05:26,078 TemporaryDirectory.cleanup() worked.
2026-02-04 14:05:26,078 shutil.rmtree worked.
2026-02-04 14:05:26,208 Chromium init'ed with kwargs {}
2026-02-04 14:05:26,209 Found chromium path: /home/saabstep/miniconda3/envs/genome_assembly/lib/python3.12/site-packages/choreographer/cli/browser_exe/chrome-linux64/chrome
2026-02-04 14:05:26,209 Temp directory created: /tmp/tmpe6ed7hol.
2026-02-04 14:05:26,209 Opening browser.
2026-02-04 14:05:26,210 Temp directory created: /tmp/tmp5euzxfub.
2026-02-04 14:05:26,222 Temporary directory at: /tmp/tmp5euzxfub
2026-02-04 14:05:26,256 TemporaryDirectory.cleanup() worked.
2026-02-04 14:05:26,257 shutil.rmtree worked.
2026-02-04 14:05:26,257 Cancelling tasks.
2026-02-04 14:05:26,257 Exiting Kaleido/Choreo
2026-02-04 14:05:26,257 Closing browser.
2026-02-04 14:05:26,266 TemporaryDirectory.cleanup() worked.
2026-02-04 14:05:26,266 shutil.rmtree worked.
2026-02-04 14:05:26,267 No static plots are saved due to an export problem:
2026-02-04 14:05:26,267 It seems like you are running a slim version of your operating system and are missing some common dependencies. The following command should install the required dependencies on most systems:

$ sudo apt update && sudo apt-get install libnss3 libatk-bridge2.0-0 libcups2 libxcomposite1 libxdamage1 libxfixes3 libxrandr2 libgbm1 libxkbcommon0 libpango-1.0-0 libcairo2 libasound2

If you have already run the above command and are still seeing this error, or the above command fails, consult the Kaleido documentation for operating system to install chromium dependencies.

For support, run the command `choreo_diagnose` and create an issue with its output.
2026-02-04 14:05:26,267 Created length plots
2026-02-04 14:05:26,268 NanoPlot: Creating Read lengths vs Average read quality plots using 129785 reads.
2026-02-04 14:05:26,276 TemporaryDirectory.cleanup() worked.
2026-02-04 14:05:26,276 shutil.rmtree worked.
2026-02-04 14:05:26,328 Chromium init'ed with kwargs {}
2026-02-04 14:05:26,329 Found chromium path: /home/saabstep/miniconda3/envs/genome_assembly/lib/python3.12/site-packages/choreographer/cli/browser_exe/chrome-linux64/chrome
2026-02-04 14:05:26,329 Temp directory created: /tmp/tmp2o9ir_7s.
2026-02-04 14:05:26,329 Opening browser.
2026-02-04 14:05:26,330 Temp directory created: /tmp/tmpv1l_a95v.
2026-02-04 14:05:26,341 Temporary directory at: /tmp/tmpv1l_a95v
2026-02-04 14:05:26,376 TemporaryDirectory.cleanup() worked.
2026-02-04 14:05:26,376 shutil.rmtree worked.
2026-02-04 14:05:26,377 Cancelling tasks.
2026-02-04 14:05:26,377 Exiting Kaleido/Choreo
2026-02-04 14:05:26,377 Closing browser.
2026-02-04 14:05:26,386 TemporaryDirectory.cleanup() worked.
2026-02-04 14:05:26,386 shutil.rmtree worked.
2026-02-04 14:05:26,387 No static plots are saved due to an export problem:
2026-02-04 14:05:26,387 It seems like you are running a slim version of your operating system and are missing some common dependencies. The following command should install the required dependencies on most systems:

$ sudo apt update && sudo apt-get install libnss3 libatk-bridge2.0-0 libcups2 libxcomposite1 libxdamage1 libxfixes3 libxrandr2 libgbm1 libxkbcommon0 libpango-1.0-0 libcairo2 libasound2

If you have already run the above command and are still seeing this error, or the above command fails, consult the Kaleido documentation for operating system to install chromium dependencies.

For support, run the command `choreo_diagnose` and create an issue with its output.
2026-02-04 14:05:26,414 Chromium init'ed with kwargs {}
2026-02-04 14:05:26,415 Found chromium path: /home/saabstep/miniconda3/envs/genome_assembly/lib/python3.12/site-packages/choreographer/cli/browser_exe/chrome-linux64/chrome
2026-02-04 14:05:26,415 Temp directory created: /tmp/tmp3wx_6yj0.
2026-02-04 14:05:26,415 Opening browser.
2026-02-04 14:05:26,416 Temp directory created: /tmp/tmp6bsfbnz4.
2026-02-04 14:05:26,428 Temporary directory at: /tmp/tmp6bsfbnz4
2026-02-04 14:05:26,466 TemporaryDirectory.cleanup() worked.
2026-02-04 14:05:26,466 shutil.rmtree worked.
2026-02-04 14:05:26,466 Cancelling tasks.
2026-02-04 14:05:26,466 Exiting Kaleido/Choreo
2026-02-04 14:05:26,466 Closing browser.
2026-02-04 14:05:26,475 TemporaryDirectory.cleanup() worked.
2026-02-04 14:05:26,475 shutil.rmtree worked.
2026-02-04 14:05:26,476 No static plots are saved due to an export problem:
2026-02-04 14:05:26,476 It seems like you are running a slim version of your operating system and are missing some common dependencies. The following command should install the required dependencies on most systems:

$ sudo apt update && sudo apt-get install libnss3 libatk-bridge2.0-0 libcups2 libxcomposite1 libxdamage1 libxfixes3 libxrandr2 libgbm1 libxkbcommon0 libpango-1.0-0 libcairo2 libasound2

If you have already run the above command and are still seeing this error, or the above command fails, consult the Kaleido documentation for operating system to install chromium dependencies.

For support, run the command `choreo_diagnose` and create an issue with its output.
2026-02-04 14:05:26,476 Created LengthvsQual plot
2026-02-04 14:05:26,476 Writing html report.
2026-02-04 14:05:26,489 Finished!
2026-02-04 14:05:26,539 TemporaryDirectory.cleanup() worked.
2026-02-04 14:05:26,539 shutil.rmtree worked.
2026-02-04 14:05:26,539 TemporaryDirectory.cleanup() worked.
2026-02-04 14:05:26,539 shutil.rmtree worked.
